2025.05.05 16:39:19 INFO  Started: Metals version 1.5.2 in folders 'C:\Users\16593\hello-world\src\main\scala' for client Visual Studio Code 1.99.3.
2025.05.05 16:39:19 INFO  no build target found for C:\Users\16593\hello-world\src\main\scala\Main.scala. Using presentation compiler with project's scala-library version: 3.3.5
2025.05.05 16:39:22 INFO  no build target found for C:\Users\16593\hello-world\src\main\scala\Main.scala. Using presentation compiler with project's scala-library version: 3.3.5
2025.05.05 16:39:22 INFO  no build target found for C:\Users\16593\hello-world\src\main\scala\Main.scala. Using presentation compiler with project's scala-library version: 3.3.5
2025.05.05 16:39:22 INFO  no build target found for C:\Users\16593\hello-world\src\main\scala\Main.scala. Using presentation compiler with project's scala-library version: 3.3.5
5月 05, 2025 4:39:22 下午 org.eclipse.lsp4j.jsonrpc.RemoteEndpoint handleCancellation
警告: Unmatched cancel notification for request id 1
2025.05.05 16:39:22 INFO  no build target found for C:\Users\16593\hello-world\src\main\scala\Main.scala. Using presentation compiler with project's scala-library version: 3.3.5
2025.05.05 16:39:22 INFO  no build target found for C:\Users\16593\hello-world\src\main\scala\Main.scala. Using presentation compiler with project's scala-library version: 3.3.5
2025.05.05 16:39:22 INFO  no build target found for C:\Users\16593\hello-world\src\main\scala\Main.scala. Using presentation compiler with project's scala-library version: 3.3.5
2025.05.05 16:39:22 INFO  no build target found for C:\Users\16593\hello-world\src\main\scala\Main.scala. Using presentation compiler with project's scala-library version: 3.3.5
2025.05.05 16:39:23 INFO  no build target found for C:\Users\16593\hello-world\src\main\scala\Main.scala. Using presentation compiler with project's scala-library version: 3.3.5
2025.05.05 16:39:23 INFO  no build target found for C:\Users\16593\hello-world\src\main\scala\Main.scala. Using presentation compiler with project's scala-library version: 3.3.5
2025.05.05 16:39:23 INFO  no build target found for C:\Users\16593\hello-world\src\main\scala\Main.scala. Using presentation compiler with project's scala-library version: 3.3.5
2025.05.05 16:39:23 INFO  no build target found for C:\Users\16593\hello-world\src\main\scala\Main.scala. Using presentation compiler with project's scala-library version: 3.3.5
2025.05.05 16:39:25 INFO  Running List(C:\Users\16593\AppData\Local\Coursier\data\bin\scala-cli.BAT, setup-ide, C:\Users\16593\hello-world\src\main\scala)
2025.05.05 16:39:25 INFO  Attempting to connect to the build server...
2025.05.05 16:39:25 INFO  Running BSP server List(C:\Users\16593\AppData\Local\Coursier\data\bin\.scala-cli.aux.exe, bsp, --json-options, C:\Users\16593\hello-world\src\main\scala\.scala-build\ide-options-v2.json, --json-launcher-options, C:\Users\16593\hello-world\src\main\scala\.scala-build\ide-launcher-options.json, --envs-file, C:\Users\16593\hello-world\src\main\scala\.scala-build\ide-envs.json, C:\Users\16593\hello-world\src\main\scala)
2025.05.05 16:39:25 INFO  tracing is disabled for protocol BSP, to enable tracing of incoming and outgoing JSON messages create an empty file at C:\Users\16593\hello-world\src\main\scala\.metals\bsp.trace.json or C:\Users\16593\AppData\Local\scalameta\metals\cache\bsp.trace.json
2025.05.05 16:39:26 INFO  BSP server: Starting compilation server
2025.05.05 16:39:26 INFO  no build target found for C:\Users\16593\hello-world\src\main\scala\Main.scala. Using presentation compiler with project's scala-library version: 3.3.5
2025.05.05 16:39:28 INFO  time: Connected to build server in 2.92s
2025.05.05 16:39:28 INFO  Connected to Build server: scala-cli v1.7.0
2025.05.05 16:39:28 INFO  time: Imported build in 0.12s
2025.05.05 16:39:28 INFO  compiling scala_7943a5e3e4 (1 scala source)
2025.05.05 16:39:31 INFO  time: indexed workspace in 2.71s
2025.05.05 16:39:31 INFO  time: compiled scala_7943a5e3e4 in 3.13s
2025.05.05 16:39:31 INFO  compiling scala_7943a5e3e4 (1 scala source)
2025.05.05 16:39:31 INFO  time: compiled scala_7943a5e3e4 in 0.62s
2025.05.05 16:39:31 INFO  compiling scala_7943a5e3e4 (1 scala source)
2025.05.05 16:39:33 INFO  time: compiled scala_7943a5e3e4 in 0.52s
5月 05, 2025 4:39:33 下午 org.eclipse.lsp4j.jsonrpc.RemoteEndpoint handleCancellation
警告: Unmatched cancel notification for request id 79
5月 05, 2025 4:39:52 下午 org.eclipse.lsp4j.jsonrpc.RemoteEndpoint handleCancellation
警告: Unmatched cancel notification for request id 254
2025.05.05 16:39:54 INFO  compiling scala_7943a5e3e4 (1 scala source)
2025.05.05 16:39:54 INFO  time: compiled scala_7943a5e3e4 in 0.29s
5月 05, 2025 4:39:57 下午 org.eclipse.lsp4j.jsonrpc.RemoteEndpoint handleCancellation
警告: Unmatched cancel notification for request id 292
5月 05, 2025 4:40:09 下午 org.eclipse.lsp4j.jsonrpc.RemoteEndpoint handleCancellation
警告: Unmatched cancel notification for request id 411
2025.05.05 16:40:27 INFO  compiling scala_7943a5e3e4 (1 scala source)
2025.05.05 16:40:27 INFO  time: compiled scala_7943a5e3e4 in 0.32s
2025.05.05 16:40:48 INFO  Shutting down server
2025.05.05 16:40:48 INFO  shutting down Metals
2025.05.05 16:40:48 INFO  Shut down connection with build server.
2025.05.05 16:40:48 INFO  Exiting server
